==> Concretized nalu-wind
 -   whiambw  nalu-wind@master%gcc@9.3.0~catalyst+fftw+hypre~ipo+openfast+pic+shared+tioga+wind-utils build_type=RelWithDebInfo test_tol=default arch=linux-ubuntu20.04-x86_64
 -   gcqdqir      ^cmake@3.17.3%gcc@9.3.0~doc+ncurses+openssl+ownlibs~qt patches=bf695e3febb222da2ed94b3beea600650e4318975da90e4a71d6f31a6d5d8c3d,e51119dd387aa3eb2f21fee730d3aa8b5480301c5e2e3a33bd86f4f7d8903861 arch=linux-ubuntu20.04-x86_64
 -   pzjdrll          ^ncurses@6.2%gcc@9.3.0~symlinks+termlib arch=linux-ubuntu20.04-x86_64
 -   akuna5k              ^pkgconf@1.7.3%gcc@9.3.0 arch=linux-ubuntu20.04-x86_64
 -   6peexc2          ^openssl@1.1.1i%gcc@9.3.0+systemcerts arch=linux-ubuntu20.04-x86_64
 -   mvux77l              ^perl@5.32.0%gcc@9.3.0+cpanm+shared+threads arch=linux-ubuntu20.04-x86_64
 -   pbx54fp                  ^berkeley-db@18.1.40%gcc@9.3.0 arch=linux-ubuntu20.04-x86_64
 -   iowiob4                  ^gdbm@1.18.1%gcc@9.3.0 arch=linux-ubuntu20.04-x86_64
 -   do42wzt                      ^readline@8.0%gcc@9.3.0 arch=linux-ubuntu20.04-x86_64
 -   p7dmb5p              ^zlib@1.2.11%gcc@9.3.0+optimize+pic+shared arch=linux-ubuntu20.04-x86_64
 -   dsrwerm      ^fftw@3.3.9%gcc@9.3.0+mpi~openmp~pfft_patches precision=double,float arch=linux-ubuntu20.04-x86_64
 -   ymp2o4r          ^mpich@3.3.2%gcc@9.3.0~argobots+fortran+hwloc+hydra+libxml2+pci+romio~slurm~verbs+wrapperrpath device=ch3 netmod=tcp patches=eb982de3366d48cbc55eb5e0df43373a45d9f51df208abf0835a72dc6c0b4774 pmi=pmi arch=linux-ubuntu20.04-x86_64
 -   sxa5vpx              ^autoconf@2.69%gcc@9.3.0 arch=linux-ubuntu20.04-x86_64
 -   kpggc3j                  ^m4@1.4.18%gcc@9.3.0+sigsegv patches=3877ab548f88597ab2327a2230ee048d2d07ace1062efe81fc92e91b7f39cd00,fc9b61654a3ba1a8d6cd78ce087e7c96366c290bc8d2c299f09828d793b853c8 arch=linux-ubuntu20.04-x86_64
 -   lkczm6t                      ^libsigsegv@2.12%gcc@9.3.0 arch=linux-ubuntu20.04-x86_64
 -   yaelhuz              ^automake@1.16.3%gcc@9.3.0 arch=linux-ubuntu20.04-x86_64
 -   upn7gfp              ^findutils@4.6.0%gcc@9.3.0 patches=84b916c0bf8c51b7e7b28417692f0ad3e7030d1f3c248ba77c42ede5c1c5d11e,bd9e4e5cc280f9753ae14956c4e4aa17fe7a210f55dd6c84aa60b12d106d47a2 arch=linux-ubuntu20.04-x86_64
 -   uh3mpsu                  ^libtool@2.4.6%gcc@9.3.0 arch=linux-ubuntu20.04-x86_64
 -   zntphih                  ^texinfo@6.5%gcc@9.3.0 patches=12f6edb0c6b270b8c8dba2ce17998c580db01182d871ee32b7b6e4129bd1d23a,1732115f651cff98989cb0215d8f64da5e0f7911ebf0c13b064920f088f2ffe1 arch=linux-ubuntu20.04-x86_64
 -   fevxijx              ^hwloc@2.2.0%gcc@9.3.0~cairo~cuda~gl~libudev+libxml2~netloc~nvml+pci+shared arch=linux-ubuntu20.04-x86_64
 -   ux5xkhg                  ^libpciaccess@0.16%gcc@9.3.0 arch=linux-ubuntu20.04-x86_64
 -   rustdy6                      ^util-macros@1.19.1%gcc@9.3.0 arch=linux-ubuntu20.04-x86_64
 -   juyrnxf                  ^libxml2@2.9.8%gcc@9.3.0~python arch=linux-ubuntu20.04-x86_64
 -   w6zptbc                      ^libiconv@1.16%gcc@9.3.0 arch=linux-ubuntu20.04-x86_64
 -   jc3ghdk                      ^xz@5.2.5%gcc@9.3.0+pic arch=linux-ubuntu20.04-x86_64
 -   6mzyjia      ^hypre@develop%gcc@9.3.0~complex~debug+int64~internal-superlu~mixedint+mpi~openmp+shared~superlu-dist arch=linux-ubuntu20.04-x86_64
 -   tt5bvxb          ^netlib-lapack@3.8.0%gcc@9.3.0~external-blas~ipo+lapacke+shared~xblas build_type=Release patches=5c79286f3d08a0b0f1f3acba2a92ee698647716ba8c6c0ae20c9cc2713e6f139,ad3d41fe9ff94b7661e09fceaf2b2e4b8c83510c1465c016e161541b4429b5ee arch=linux-ubuntu20.04-x86_64
 -   rafm3z6      ^openfast@develop%gcc@9.3.0+cxx+dll-interface+double-precision~ipo+pic+shared build_type=RelWithDebInfo arch=linux-ubuntu20.04-x86_64
 -   rzyrncs          ^hdf5@1.10.4%gcc@9.3.0+cxx~debug~fortran+hl~java+mpi+pic+shared~szip~threadsafe api=none arch=linux-ubuntu20.04-x86_64
 -   rglhsro          ^yaml-cpp@0.6.2%gcc@9.3.0~ipo+pic+shared~tests build_type=Release arch=linux-ubuntu20.04-x86_64
 -   jkpo26o      ^tioga@master%gcc@9.3.0~ipo+pic+shared build_type=Release arch=linux-ubuntu20.04-x86_64
 -   trla7sm      ^trilinos@develop%gcc@9.3.0~adios2~alloptpkgs~amesos+amesos2~anasazi~aztec+belos+boost~cgns~chaco~complex~cuda~cuda_rdc~debug~dtk~epetra~epetraext+exodus+explicit_template_instantiation~float~fortran+glm+gtest+hdf5~hwloc~hypre~ifpack+ifpack2~intrepid~intrepid2~ipo~isorropia+kokkos~matio~mesquite~metis~minitensor~ml+mpi+muelu~mumps+netcdf~nox~openmp~phalanx~piro+pnetcdf~python~rol~rythmos~sacado+shards+shared~shylu+stk~stratimikos~strumpack~suite-sparse+superlu~superlu-dist~teko~tempus+teuchos+tpetra~wrapper~x11~xsdkflags+zlib+zoltan+zoltan2 build_type=RelWithDebInfo cuda_arch=none cxxstd=11 gotype=long arch=linux-ubuntu20.04-x86_64
 -   brnh7ib          ^boost@1.68.0%gcc@9.3.0+atomic+chrono~clanglibcpp~container~context~coroutine+date_time~debug+exception~fiber+filesystem+graph~icu+iostreams+locale+log+math~mpi+multithreaded~numpy~pic+program_options~python+random+regex+serialization+shared+signals~singlethreaded+system~taggedlayout+test+thread+timer~versionedlayout+wave cxxstd=14 visibility=hidden arch=linux-ubuntu20.04-x86_64
 -   p7l4mcn              ^bzip2@1.0.6%gcc@9.3.0+shared arch=linux-ubuntu20.04-x86_64
 -   2eqr3yc                  ^diffutils@3.7%gcc@9.3.0 arch=linux-ubuntu20.04-x86_64
 -   ncumg7b          ^glm@0.9.7.1%gcc@9.3.0~ipo build_type=Release arch=linux-ubuntu20.04-x86_64
 -   odbo3a3          ^netcdf-c@4.7.3%gcc@9.3.0~dap~hdf4~jna+mpi+parallel-netcdf+pic+shared arch=linux-ubuntu20.04-x86_64
 -   ibzz3um              ^parallel-netcdf@1.12.1%gcc@9.3.0~burstbuffer+cxx+fortran+pic+shared arch=linux-ubuntu20.04-x86_64
 -   yvakad3          ^superlu@4.3%gcc@9.3.0+pic arch=linux-ubuntu20.04-x86_64
 -   5s2st7o              ^tcsh@6.22.02%gcc@9.3.0 patches=392615011adb7afeb0010152409a37b150f03dbde5b534503e9cd7363b742a19,3a4e60fe56a450632140c48acbf14d22850c1d72835bf441e3f8514d6c617a9f arch=linux-ubuntu20.04-x86_64

